2026-03-08 11:28:30,677 - monitor - INFO - \u2705 System Healthy | Cities: 270 | Total Records: 270 | Last Update: 2026-03-07 19:36:33
2026-03-08 11:28:31,861 - validators - INFO - Successfully loaded data for New Delhi
2026-03-08 11:28:31,874 - etl_pipeline - INFO - Successfully loaded data for New Delhi
2026-03-08 11:28:32,019 - validators - INFO - Successfully loaded data for Kolkata
2026-03-08 11:28:32,033 - etl_pipeline - INFO - Successfully loaded data for Kolkata
2026-03-08 11:28:32,175 - validators - INFO - Successfully loaded data for Mumbai
2026-03-08 11:28:32,188 - etl_pipeline - INFO - Successfully loaded data for Mumbai
2026-03-08 11:28:32,335 - validators - INFO - Successfully loaded data for Bengaluru
2026-03-08 11:28:32,348 - etl_pipeline - INFO - Successfully loaded data for Bengaluru
2026-03-08 11:28:32,477 - validators - INFO - Successfully loaded data for Chennai
2026-03-08 11:28:32,485 - etl_pipeline - INFO - Successfully loaded data for Chennai
2026-03-08 11:28:32,626 - validators - INFO - Successfully loaded data for Hyderabad
2026-03-08 11:28:32,633 - etl_pipeline - INFO - Successfully loaded data for Hyderabad
2026-03-08 11:28:32,784 - validators - INFO - Successfully loaded data for Ahmedabad
2026-03-08 11:28:32,797 - etl_pipeline - INFO - Successfully loaded data for Ahmedabad
2026-03-08 11:28:32,929 - validators - INFO - Successfully loaded data for Surat
2026-03-08 11:28:32,939 - etl_pipeline - INFO - Successfully loaded data for Surat
2026-03-08 11:28:33,071 - validators - INFO - Successfully loaded data for Pune
2026-03-08 11:28:33,087 - etl_pipeline - INFO - Successfully loaded data for Pune
2026-03-08 11:28:33,216 - validators - INFO - Successfully loaded data for Jaipur
2026-03-08 11:28:33,228 - etl_pipeline - INFO - Successfully loaded data for Jaipur
2026-03-08 11:28:33,371 - validators - INFO - Successfully loaded data for Lucknow
2026-03-08 11:28:33,387 - etl_pipeline - INFO - Successfully loaded data for Lucknow
2026-03-08 11:28:33,522 - validators - INFO - Successfully loaded data for Kanpur
2026-03-08 11:28:33,534 - etl_pipeline - INFO - Successfully loaded data for Kanpur
2026-03-08 11:28:33,658 - validators - INFO - Successfully loaded data for Nagpur
2026-03-08 11:28:33,673 - etl_pipeline - INFO - Successfully loaded data for Nagpur
2026-03-08 11:28:33,798 - validators - INFO - Successfully loaded data for Indore
2026-03-08 11:28:33,814 - etl_pipeline - INFO - Successfully loaded data for Indore
2026-03-08 11:28:33,947 - validators - INFO - Successfully loaded data for Thane
2026-03-08 11:28:33,962 - etl_pipeline - INFO - Successfully loaded data for Thane
